<?xml version="1.0" encoding="UTF-8"?>
<testng-results skipped="0" failed="0" ignored="0" total="1" passed="1">
  <reporter-output>
  </reporter-output>
  <suite name="Suite" duration-ms="17884" started-at="2020-02-15T12:47:24Z" finished-at="2020-02-15T12:47:42Z">
    <groups>
    </groups>
    <test name="Test" duration-ms="17884" started-at="2020-02-15T12:47:24Z" finished-at="2020-02-15T12:47:42Z">
      <class name="com.ListaDinamica.buscaLista">
        <test-method status="PASS" signature="beforeClass()[pri:0, instance:com.ListaDinamica.buscaLista@7d9d1a19]" name="beforeClass" is-config="true" duration-ms="17180" started-at="2020-02-15T12:47:24Z" finished-at="2020-02-15T12:47:41Z">
          <reporter-output>
          </reporter-output>
        </test-method> <!-- beforeClass -->
        <test-method status="PASS" signature="f()[pri:0, instance:com.ListaDinamica.buscaLista@7d9d1a19]" name="f" duration-ms="687" started-at="2020-02-15T12:47:41Z" finished-at="2020-02-15T12:47:42Z">
          <reporter-output>
          </reporter-output>
        </test-method> <!-- f -->
        <test-method status="PASS" signature="afterClass()[pri:0, instance:com.ListaDinamica.buscaLista@7d9d1a19]" name="afterClass" is-config="true" duration-ms="0" started-at="2020-02-15T12:47:42Z" finished-at="2020-02-15T12:47:42Z">
          <reporter-output>
          </reporter-output>
        </test-method> <!-- afterClass -->
      </class> <!-- com.ListaDinamica.buscaLista -->
    </test> <!-- Test -->
  </suite> <!-- Suite -->
</testng-results>
